<?xml version="1.0" encoding="UTF-8"?>
<!-- Generated by org.testng.reporters.JUnitReportReporter -->
<testsuite skipped="0" hostname="BDC4-D-9XZP882" name="pOM_PageObjectModel.pomtestng_withpagefactory" tests="1" failures="0" timestamp="2020-02-11T13:02:45 IST" time="83.772" errors="0">
  <testcase name="f" time="83.772" classname="pOM_PageObjectModel.pomtestng_withpagefactory"/>
</testsuite> <!-- pOM_PageObjectModel.pomtestng_withpagefactory -->
