<?xml version="1.0" encoding="UTF-8"?>
<!-- Generated by org.testng.reporters.JUnitReportReporter -->
<testsuite skipped="0" hostname="BDC4-D-9XZP882" name="stepdev.testng_apachepoi" tests="1" failures="0" timestamp="2020-02-11T15:48:04 IST" time="104.964" errors="0">
  <testcase name="f" time="104.964" classname="stepdev.testng_apachepoi"/>
</testsuite> <!-- stepdev.testng_apachepoi -->
