<?xml version="1.0" encoding="UTF-8"?>
<!-- Generated by org.testng.reporters.JUnitReportReporter -->
<testsuite skipped="0" hostname="BDC4-D-9XZP882" name="com.test.demo1_TestNG" tests="2" failures="0" timestamp="2020-02-10T12:15:55 IST" time="0.016" errors="0">
  <testcase name="f1" time="0.003" classname="com.test.demo1_TestNG"/>
  <testcase name="f" time="0.013" classname="com.test.demo1_TestNG"/>
</testsuite> <!-- com.test.demo1_TestNG -->
