<?xml version="1.0" encoding="UTF-8"?>
<!-- Generated by org.testng.reporters.JUnitReportReporter -->
<testsuite skipped="0" hostname="BDC4-D-9XZP882" name="com.test.demo3" tests="1" failures="0" timestamp="2020-02-10T14:44:36 IST" time="37.500" errors="0">
  <testcase name="f" time="37.500" classname="com.test.demo3"/>
</testsuite> <!-- com.test.demo3 -->
